[INFO] Scanning for projects...
[INFO] ------------------------------------------------------------------------
[INFO] Building Unnamed - com.poop:test:jar:0.0.1-SNAPSHOT
[INFO]    task-segment: [clean, install]
[INFO] ------------------------------------------------------------------------
Downloading: http://repo1.maven.org/maven2/org/apache/maven/plugins/maven-clean-plugin/2.2/maven-clean-plugin-2.2.pom
[WARNING] Unable to get resource 'org.apache.maven.plugins:maven-clean-plugin:pom:2.2' from repository central (http://repo1.maven.org/maven2): Error transferring file: repo1.maven.org
Downloading: http://repo1.maven.org/maven2/org/apache/maven/plugins/maven-clean-plugin/2.2/maven-clean-plugin-2.2.pom
[WARNING] Unable to get resource 'org.apache.maven.plugins:maven-clean-plugin:pom:2.2' from repository central (http://repo1.maven.org/maven2): Error transferring file: repo1.maven.org
[INFO] ------------------------------------------------------------------------
[ERROR] BUILD ERROR
[INFO] ------------------------------------------------------------------------
[INFO] Error building POM (may not be this project's POM).


Project ID: org.apache.maven.plugins:maven-clean-plugin

Reason: POM 'org.apache.maven.plugins:maven-clean-plugin' not found in repository: Unable to download the artifact from any repository

  org.apache.maven.plugins:maven-clean-plugin:pom:2.2

from the specified remote repositories:
  central (http://repo1.maven.org/maven2)

 for project org.apache.maven.plugins:maven-clean-plugin


[INFO] ------------------------------------------------------------------------
[INFO] For more information, run Maven with the -e switch
[INFO] ------------------------------------------------------------------------
[INFO] Total time: 12 seconds
[INFO] Finished at: Sun Mar 31 01:27:20 EDT 2013
[INFO] Final Memory: 2M/121M
[INFO] ------------------------------------------------------------------------
